2022-07-14 18:40:41,761 INFO main MainThread : Staring Local Development.
2022-07-14 18:40:41,761 INFO main MainThread : sqlite:////home/sharayu/Desktop/IITM/MAD1/APP_DEV_PROJECT1/kanban_app/application/db_directory/database.sqlite3
2022-07-14 18:40:41,762 INFO main MainThread : App setup complete
2022-07-14 18:41:07,910 INFO main MainThread : Staring Local Development.
2022-07-14 18:41:07,911 INFO main MainThread : sqlite:////home/sharayu/Desktop/IITM/MAD1/APP_DEV_PROJECT1/kanban_app/application/db_directory/database.sqlite3
2022-07-14 18:41:07,911 INFO main MainThread : App setup complete
2022-07-14 18:42:01,459 INFO main MainThread : Staring Local Development.
2022-07-14 18:42:01,459 INFO main MainThread : sqlite:///home/sharayu/Desktop/IITM/MAD1/APP_DEV_PROJECT1/kanban_app/application/db_directory/database.sqlite3
2022-07-14 18:42:01,460 INFO main MainThread : App setup complete
2022-07-14 18:43:48,242 INFO main MainThread : Staring Local Development.
2022-07-14 18:43:48,243 INFO main MainThread : sqlite:///home/sharayu/Desktop/IITM/MAD1/APP_DEV_PROJECT1/kanban_app/application/db_directory/database.sqlite3
2022-07-14 18:43:48,243 INFO main MainThread : App setup complete
2022-07-14 18:48:30,067 INFO main MainThread : Staring Local Development.
2022-07-14 18:48:30,080 INFO main MainThread : sqlite:////home/sharayu/Desktop/IITM/MAD1/APP_DEV_PROJECT1/kanban_app/application/db_directory/database.sqlite3
2022-07-14 18:48:30,080 INFO main MainThread : App setup complete
2022-07-14 18:49:09,989 INFO main MainThread : Staring Local Development.
2022-07-14 18:49:09,989 INFO main MainThread : sqlite:///db_directory/database.sqlite3
2022-07-14 18:49:09,990 INFO main MainThread : App setup complete
2022-07-14 18:49:56,523 INFO main MainThread : Staring Local Development.
2022-07-14 18:49:56,523 INFO main MainThread : sqlite:///db_directory/database.sqlite3
2022-07-14 18:49:56,523 INFO main MainThread : App setup complete
2022-07-14 18:50:01,725 INFO main MainThread : Staring Local Development.
2022-07-14 18:50:01,725 INFO main MainThread : sqlite:///db_directory/database.sqlite3
2022-07-14 18:50:01,726 INFO main MainThread : App setup complete
2022-07-14 18:50:41,843 INFO main MainThread : Staring Local Development.
2022-07-14 18:50:41,843 INFO main MainThread : sqlite:///db_directory/database.sqlite3
2022-07-14 18:50:41,844 INFO main MainThread : App setup complete
2022-07-14 18:51:49,992 INFO main MainThread : Staring Local Development.
2022-07-14 18:51:49,992 INFO main MainThread : sqlite:///db_directory/database.sqlite3
2022-07-14 18:51:49,993 INFO main MainThread : App setup complete
2022-07-14 18:51:56,854 INFO main MainThread : Staring Local Development.
2022-07-14 18:51:56,854 INFO main MainThread : sqlite:///db_directory/database.sqlite3
2022-07-14 18:51:56,854 INFO main MainThread : App setup complete
2022-07-14 18:53:16,821 INFO main MainThread : Staring Local Development.
2022-07-14 18:53:16,821 INFO main MainThread : sqlite:///application/db_directory/database.sqlite3
2022-07-14 18:53:16,821 INFO main MainThread : App setup complete
2022-07-14 18:53:26,922 INFO main MainThread : Staring Local Development.
2022-07-14 18:53:26,922 INFO main MainThread : sqlite:///application/db_directory/database.sqlite3
2022-07-14 18:53:26,922 INFO main MainThread : App setup complete
2022-07-14 18:55:35,280 INFO main MainThread : Staring Local Development.
2022-07-14 18:55:35,280 INFO main MainThread : sqlite:////home/sharayu/Desktop/IITM/MAD1/APP_DEV_PROJECT1/kanban_app/application/db_directory/database.sqlite3
2022-07-14 18:55:35,280 INFO main MainThread : App setup complete
2022-07-14 18:55:35,282 ERROR flask_migrate MainThread : Error: Directory migrations already exists and is not empty
2022-07-14 18:55:38,371 INFO main MainThread : Staring Local Development.
2022-07-14 18:55:38,371 INFO main MainThread : sqlite:////home/sharayu/Desktop/IITM/MAD1/APP_DEV_PROJECT1/kanban_app/application/db_directory/database.sqlite3
2022-07-14 18:55:38,371 INFO main MainThread : App setup complete
2022-07-14 18:56:40,254 INFO main MainThread : Staring Local Development.
2022-07-14 18:56:40,254 INFO main MainThread : sqlite:////home/sharayu/Desktop/IITM/MAD1/APP_DEV_PROJECT1/kanban_app/application/db_directory/database.sqlite3
2022-07-14 18:56:40,254 INFO main MainThread : App setup complete
2022-07-14 18:59:16,623 INFO main MainThread : Staring Local Development.
2022-07-14 18:59:16,623 INFO main MainThread : sqlite:///db_directory/database.sqlite3
2022-07-14 18:59:16,623 INFO main MainThread : App setup complete
2022-07-14 18:59:41,872 INFO main MainThread : Staring Local Development.
2022-07-14 18:59:41,873 INFO main MainThread : sqlite:///db_directory/database.sqlite3
2022-07-14 18:59:41,873 INFO main MainThread : App setup complete
2022-07-14 19:03:05,674 INFO main MainThread : Staring Local Development.
2022-07-14 19:03:05,675 INFO main MainThread : sqlite:///db_directory/database.sqlite3
2022-07-14 19:03:05,675 INFO main MainThread : App setup complete
2022-07-14 19:04:24,692 INFO main MainThread : Staring Local Development.
2022-07-14 19:04:24,693 INFO main MainThread : sqlite:///db_directory/database.sqlite3
2022-07-14 19:04:24,693 INFO main MainThread : App setup complete
2022-07-14 19:04:31,186 INFO main MainThread : Staring Local Development.
2022-07-14 19:04:31,186 INFO main MainThread : sqlite:///db_directory/database.sqlite3
2022-07-14 19:04:31,187 INFO main MainThread : App setup complete
2022-07-14 19:05:06,936 INFO main MainThread : Staring Local Development.
2022-07-14 19:05:06,937 INFO main MainThread : sqlite:///db_directory/database.sqlite3
2022-07-14 19:05:06,937 INFO main MainThread : App setup complete
2022-07-14 19:07:30,648 INFO main MainThread : Staring Local Development.
2022-07-14 19:07:30,649 INFO main MainThread : sqlite:///db_directory/database.sqlite3
2022-07-14 19:07:30,649 INFO main MainThread : App setup complete
2022-07-14 19:07:35,190 INFO main MainThread : Staring Local Development.
2022-07-14 19:07:35,190 INFO main MainThread : sqlite:///db_directory/database.sqlite3
2022-07-14 19:07:35,191 INFO main MainThread : App setup complete
2022-07-14 19:08:06,848 INFO main MainThread : Staring Local Development.
2022-07-14 19:08:06,848 INFO main MainThread : sqlite:///db_directory/database.sqlite3
2022-07-14 19:08:06,848 INFO main MainThread : App setup complete
2022-07-14 19:08:15,623 INFO main MainThread : Staring Local Development.
2022-07-14 19:08:15,623 INFO main MainThread : sqlite:///db_directory/database.sqlite3
2022-07-14 19:08:15,623 INFO main MainThread : App setup complete
2022-07-14 19:09:03,111 INFO main MainThread : Staring Local Development.
2022-07-14 19:09:03,111 INFO main MainThread : sqlite:///db_directory/database.sqlite3
2022-07-14 19:09:03,112 INFO main MainThread : App setup complete
2022-07-14 19:09:23,383 INFO main MainThread : Staring Local Development.
2022-07-14 19:09:23,383 INFO main MainThread : sqlite:///db_directory/database.sqlite3
2022-07-14 19:09:23,384 INFO main MainThread : App setup complete
2022-07-14 19:09:41,647 INFO main MainThread : Staring Local Development.
2022-07-14 19:09:41,647 INFO main MainThread : sqlite:///db_directory/database.sqlite3
2022-07-14 19:09:41,647 INFO main MainThread : App setup complete
2022-07-14 19:11:37,996 INFO main MainThread : Staring Local Development.
2022-07-14 19:11:37,996 INFO main MainThread : sqlite:///db_directory/database.sqlite3
2022-07-14 19:11:37,996 INFO main MainThread : App setup complete
2022-07-14 19:13:17,163 INFO main MainThread : Staring Local Development.
2022-07-14 19:13:17,163 INFO main MainThread : sqlite:///home/sharayu/Desktop/IITM/MAD1/APP_DEV_PROJECT1/kanban_app/application/db_directory/database.sqlite3
2022-07-14 19:13:17,164 INFO main MainThread : App setup complete
2022-07-14 19:13:30,295 INFO main MainThread : Staring Local Development.
2022-07-14 19:13:30,295 INFO main MainThread : sqlite:///home/sharayu/Desktop/IITM/MAD1/APP_DEV_PROJECT1/kanban_app/application/db_directory/database.sqlite3
2022-07-14 19:13:30,296 INFO main MainThread : App setup complete
2022-07-14 19:14:08,596 INFO main MainThread : Staring Local Development.
2022-07-14 19:14:08,596 INFO main MainThread : sqlite:///home/sharayu/Desktop/IITM/MAD1/APP_DEV_PROJECT1/kanban_app/application/db_directory/database.sqlite3
2022-07-14 19:14:08,596 INFO main MainThread : App setup complete
2022-07-14 19:14:43,834 INFO main MainThread : Staring Local Development.
2022-07-14 19:14:43,834 INFO main MainThread : sqlite:////home/sharayu/Desktop/IITM/MAD1/APP_DEV_PROJECT1/kanban_app/application/db_directory/database.sqlite3
2022-07-14 19:14:43,834 INFO main MainThread : App setup complete
2022-07-14 19:15:02,314 INFO main MainThread : Staring Local Development.
2022-07-14 19:15:02,315 INFO main MainThread : sqlite:////home/sharayu/Desktop/IITM/MAD1/APP_DEV_PROJECT1/kanban_app/application/db_directory/database.sqlite3
2022-07-14 19:15:02,315 INFO main MainThread : App setup complete
2022-07-14 19:15:02,316 ERROR flask_migrate MainThread : Error: Directory migrations already exists and is not empty
2022-07-14 19:15:20,444 INFO main MainThread : Staring Local Development.
2022-07-14 19:15:20,444 INFO main MainThread : sqlite:////home/sharayu/Desktop/IITM/MAD1/APP_DEV_PROJECT1/kanban_app/application/db_directory/database.sqlite3
2022-07-14 19:15:20,444 INFO main MainThread : App setup complete
2022-07-14 19:15:23,786 INFO main MainThread : Staring Local Development.
2022-07-14 19:15:23,786 INFO main MainThread : sqlite:////home/sharayu/Desktop/IITM/MAD1/APP_DEV_PROJECT1/kanban_app/application/db_directory/database.sqlite3
2022-07-14 19:15:23,787 INFO main MainThread : App setup complete
2022-07-14 19:16:20,957 INFO main MainThread : Staring Local Development.
2022-07-14 19:16:20,958 INFO main MainThread : sqlite:///db_directory/database.sqlite3
2022-07-14 19:16:20,958 INFO main MainThread : App setup complete
2022-07-14 19:16:23,695 INFO main MainThread : Staring Local Development.
2022-07-14 19:16:23,696 INFO main MainThread : sqlite:///db_directory/database.sqlite3
2022-07-14 19:16:23,696 INFO main MainThread : App setup complete
2022-07-14 19:18:34,926 INFO main MainThread : Staring Local Development.
2022-07-14 19:18:34,926 INFO main MainThread : sqlite:///db_directory/database.sqlite3
2022-07-14 19:18:34,927 INFO main MainThread : App setup complete
2022-07-14 19:19:05,824 INFO main MainThread : Staring Local Development.
2022-07-14 19:19:05,825 INFO main MainThread : sqlite:///db_directory/database.sqlite3
2022-07-14 19:19:05,825 INFO main MainThread : App setup complete
2022-07-14 19:28:17,875 INFO main MainThread : Staring Local Development.
2022-07-14 19:28:17,875 INFO main MainThread : sqlite:////home/sharayu/Desktop/IITM/MAD1/APP_DEV_PROJECT1/kanban_app/application/db_directory/database.sqlite3
2022-07-14 19:28:17,875 INFO main MainThread : App setup complete
2022-07-14 22:36:23,294 INFO main MainThread : Staring Local Development.
2022-07-14 22:36:23,312 INFO main MainThread : sqlite:////home/sharayu/Desktop/IITM/MAD1/APP_DEV_PROJECT1/kanban_app/application/db_directory/database.sqlite3
2022-07-14 22:36:23,313 INFO main MainThread : App setup complete
2022-07-14 22:37:15,391 INFO main MainThread : Staring Local Development.
2022-07-14 22:37:15,391 INFO main MainThread : sqlite:////home/sharayu/Desktop/IITM/MAD1/APP_DEV_PROJECT1/kanban_app/application/db_directory/database.sqlite3
2022-07-14 22:37:15,391 INFO main MainThread : App setup complete
2022-07-14 22:45:03,052 INFO main MainThread : Staring Local Development.
2022-07-14 22:45:03,070 INFO main MainThread : sqlite:///db_directory/database.sqlite3
2022-07-14 22:45:03,070 INFO main MainThread : App setup complete
2022-07-14 22:45:14,899 INFO main MainThread : Staring Local Development.
2022-07-14 22:45:14,899 INFO main MainThread : sqlite:///db_directory/database.sqlite3
2022-07-14 22:45:14,900 INFO main MainThread : App setup complete
2022-07-14 22:49:50,957 INFO main MainThread : Staring Local Development.
2022-07-14 22:49:50,957 INFO main MainThread : sqlite:///db_directory/database.sqlite3
2022-07-14 22:49:50,958 INFO main MainThread : App setup complete
2022-07-14 22:49:55,038 INFO main MainThread : Staring Local Development.
2022-07-14 22:49:55,038 INFO main MainThread : sqlite:///db_directory/database.sqlite3
2022-07-14 22:49:55,038 INFO main MainThread : App setup complete
2022-07-14 23:02:54,958 INFO main MainThread : Staring Local Development.
2022-07-14 23:02:54,959 INFO main MainThread : sqlite:///./db_directory/database.sqlite3
2022-07-14 23:02:54,959 INFO main MainThread : App setup complete
2022-07-14 23:02:58,138 INFO main MainThread : Staring Local Development.
2022-07-14 23:02:58,138 INFO main MainThread : sqlite:///./db_directory/database.sqlite3
2022-07-14 23:02:58,139 INFO main MainThread : App setup complete
2022-07-14 23:03:30,249 INFO main MainThread : Staring Local Development.
2022-07-14 23:03:30,249 INFO main MainThread : sqlite:///./db_directory/database.sqlite3
2022-07-14 23:03:30,250 INFO main MainThread : App setup complete
2022-07-14 23:04:27,021 INFO main MainThread : Staring Local Development.
2022-07-14 23:04:27,021 INFO main MainThread : sqlite:///./db_directory/database.sqlite3
2022-07-14 23:04:27,021 INFO main MainThread : App setup complete
2022-07-14 23:05:18,157 INFO main MainThread : Staring Local Development.
2022-07-14 23:05:18,157 INFO main MainThread : sqlite:///./db_directory/database.sqlite3
2022-07-14 23:05:18,158 INFO main MainThread : App setup complete
